<?xml version="1.0" encoding="UTF-8"?>
<testng-results skipped="0" failed="0" ignored="0" total="1" passed="1">
  <reporter-output>
  </reporter-output>
  <suite name="Default suite" duration-ms="26500" started-at="2020-09-23T14:22:30 IST" finished-at="2020-09-23T14:22:56 IST">
    <groups>
    </groups>
    <test name="Default test" duration-ms="26500" started-at="2020-09-23T14:22:30 IST" finished-at="2020-09-23T14:22:56 IST">
      <class name="com.radioButton.test.Alert">
        <test-method status="PASS" signature="alertHandle()[pri:0, instance:com.radioButton.test.Alert@3dfc5fb8]" name="alertHandle" duration-ms="26457" started-at="2020-09-23T14:22:30 IST" finished-at="2020-09-23T14:22:56 IST">
          <reporter-output>
          </reporter-output>
        </test-method> <!-- alertHandle -->
      </class> <!-- com.radioButton.test.Alert -->
    </test> <!-- Default test -->
  </suite> <!-- Default suite -->
</testng-results>
