<?xml version="1.0" encoding="UTF-8"?>
<testng-results skipped="0" failed="0" ignored="0" total="1" passed="1">
  <reporter-output>
  </reporter-output>
  <suite name="Default suite" duration-ms="19958" started-at="2020-09-23T14:04:04 IST" finished-at="2020-09-23T14:04:24 IST">
    <groups>
    </groups>
    <test name="Default test" duration-ms="19958" started-at="2020-09-23T14:04:04 IST" finished-at="2020-09-23T14:04:24 IST">
      <class name="com.radioButton.test.CheckBox">
        <test-method status="PASS" signature="checkBoxClick()[pri:0, instance:com.radioButton.test.CheckBox@3dfc5fb8]" name="checkBoxClick" duration-ms="19911" started-at="2020-09-23T14:04:04 IST" finished-at="2020-09-23T14:04:24 IST">
          <reporter-output>
          </reporter-output>
        </test-method> <!-- checkBoxClick -->
      </class> <!-- com.radioButton.test.CheckBox -->
    </test> <!-- Default test -->
  </suite> <!-- Default suite -->
</testng-results>
